2018-01-14 12:37:43 =SUPERVISOR REPORT====
     Supervisor: {local,'Elixir.Logger.Supervisor'}
     Context:    child_terminated
     Reason:     normal
     Offender:   [{pid,<0.242.0>},{id,'Elixir.Logger.ErrorHandler'},{mfargs,{'Elixir.Logger.Watcher',start_link,[{error_logger,'Elixir.Logger.ErrorHandler',{true,false,500}}]}},{restart_type,permanent},{shutdown,5000},{child_type,worker}]

2018-01-14 12:37:43 =SUPERVISOR REPORT====
     Supervisor: {local,'Elixir.Zombieclient'}
     Context:    start_error
     Reason:     {'EXIT',{undef,[{'Elixir.Zombieclient.Consumer',start_link,[#{'__struct__' => 'Elixir.GRPC.Credential',ssl => [{certfile,<<"/Users/zxm170/elixir/grpctls_sample/_build/dev/lib/zombieclient/priv/zombieclient.crt">>},{keyfile,<<"/Users/zxm170/elixir/grpctls_sample/_build/dev/lib/zombieclient/priv/zombieclient.key">>},{cacertfile,<<"/Users/zxm170/elixir/grpctls_sample/_build/dev/lib/zombieclient/priv/Zombie_Spotters_Ltd.cert">>},{secure_renegotiate,true},{reuse_sessions,true},{verify,verify_peer},{fail_if_no_peer_cert,true}]}],[]},{supervisor,do_start_child,2,[{file,"supervisor.erl"},{line,365}]},{supervisor,start_children,3,[{file,"supervisor.erl"},{line,348}]},{supervisor,init_children,2,[{file,"supervisor.erl"},{line,314}]},{gen_server,init_it,2,[{file,"gen_server.erl"},{line,365}]},{gen_server,init_it,6,[{file,"gen_server.erl"},{line,333}]},{proc_lib,init_p_do_apply,3,[{file,"proc_lib.erl"},{line,247}]}]}}
     Offender:   [{pid,undefined},{id,'Elixir.Zombieclient.Consumer'},{mfargs,{'Elixir.Zombieclient.Consumer',start_link,[#{'__struct__' => 'Elixir.GRPC.Credential',ssl => [{certfile,<<"/Users/zxm170/elixir/grpctls_sample/_build/dev/lib/zombieclient/priv/zombieclient.crt">>},{keyfile,<<"/Users/zxm170/elixir/grpctls_sample/_build/dev/lib/zombieclient/priv/zombieclient.key">>},{cacertfile,<<"/Users/zxm170/elixir/grpctls_sample/_build/dev/lib/zombieclient/priv/Zombie_Spotters_Ltd.cert">>},{secure_renegotiate,true},{reuse_sessions,true},{verify,verify_peer},{fail_if_no_peer_cert,true}]}]}},{restart_type,permanent},{shutdown,5000},{child_type,worker}]

2018-01-14 12:37:43 =CRASH REPORT====
  crasher:
    initial call: application_master:init/4
    pid: <0.291.0>
    registered_name: []
    exception exit: {{{shutdown,{failed_to_start_child,'Elixir.Zombieclient.Consumer',{'EXIT',{undef,[{'Elixir.Zombieclient.Consumer',start_link,[#{'__struct__' => 'Elixir.GRPC.Credential',ssl => [{certfile,<<"/Users/zxm170/elixir/grpctls_sample/_build/dev/lib/zombieclient/priv/zombieclient.crt">>},{keyfile,<<"/Users/zxm170/elixir/grpctls_sample/_build/dev/lib/zombieclient/priv/zombieclient.key">>},{cacertfile,<<"/Users/zxm170/elixir/grpctls_sample/_build/dev/lib/zombieclient/priv/Zombie_Spotters_Ltd.cert">>},{secure_renegotiate,true},{reuse_sessions,true},{verify,verify_peer},{fail_if_no_peer_cert,true}]}],[]},{supervisor,do_start_child,2,[{file,"supervisor.erl"},{line,365}]},{supervisor,start_children,3,[{file,"supervisor.erl"},{line,348}]},{supervisor,init_children,2,[{file,"supervisor.erl"},{line,314}]},{gen_server,init_it,2,[{file,"gen_server.erl"},{line,365}]},{gen_server,init_it,6,[{file,"gen_server.erl"},{line,333}]},{proc_lib,init_p_do_apply,3,[{file,"proc_lib.erl"},{line,247}]}]}}}},{'Elixir.Zombieclient.App',start,[normal,[]]}},[{application_master,init,4,[{file,"application_master.erl"},{line,134}]},{proc_lib,init_p_do_apply,3,[{file,"proc_lib.erl"},{line,247}]}]}
    ancestors: [<0.290.0>]
    message_queue_len: 1
    messages: [{'EXIT',<0.292.0>,normal}]
    links: [<0.290.0>,<0.33.0>]
    dictionary: []
    trap_exit: true
    status: running
    heap_size: 987
    stack_size: 27
    reductions: 205
  neighbours:
2018-01-14 12:38:17 =SUPERVISOR REPORT====
     Supervisor: {local,'Elixir.Logger.Supervisor'}
     Context:    child_terminated
     Reason:     normal
     Offender:   [{pid,<0.180.0>},{id,'Elixir.Logger.ErrorHandler'},{mfargs,{'Elixir.Logger.Watcher',start_link,[{error_logger,'Elixir.Logger.ErrorHandler',{true,false,500}}]}},{restart_type,permanent},{shutdown,5000},{child_type,worker}]

2018-01-14 12:38:17 =SUPERVISOR REPORT====
     Supervisor: {local,'Elixir.Zombieclient'}
     Context:    start_error
     Reason:     ok
     Offender:   [{pid,undefined},{id,'Elixir.Zombieclient.Consumer'},{mfargs,{'Elixir.Zombieclient.Consumer',start_link,[#{'__struct__' => 'Elixir.GRPC.Credential',ssl => [{certfile,<<"/Users/zxm170/elixir/grpctls_sample/_build/dev/lib/zombieclient/priv/zombieclient.crt">>},{keyfile,<<"/Users/zxm170/elixir/grpctls_sample/_build/dev/lib/zombieclient/priv/zombieclient.key">>},{cacertfile,<<"/Users/zxm170/elixir/grpctls_sample/_build/dev/lib/zombieclient/priv/Zombie_Spotters_Ltd.cert">>},{secure_renegotiate,true},{reuse_sessions,true},{verify,verify_peer},{fail_if_no_peer_cert,true}]}]}},{restart_type,permanent},{shutdown,5000},{child_type,worker}]

2018-01-14 12:38:17 =CRASH REPORT====
  crasher:
    initial call: application_master:init/4
    pid: <0.229.0>
    registered_name: []
    exception exit: {{{shutdown,{failed_to_start_child,'Elixir.Zombieclient.Consumer',ok}},{'Elixir.Zombieclient.App',start,[normal,[]]}},[{application_master,init,4,[{file,"application_master.erl"},{line,134}]},{proc_lib,init_p_do_apply,3,[{file,"proc_lib.erl"},{line,247}]}]}
    ancestors: [<0.228.0>]
    message_queue_len: 1
    messages: [{'EXIT',<0.230.0>,normal}]
    links: [<0.228.0>,<0.33.0>]
    dictionary: []
    trap_exit: true
    status: running
    heap_size: 376
    stack_size: 27
    reductions: 172
  neighbours:
2018-01-14 12:40:34 =SUPERVISOR REPORT====
     Supervisor: {local,'Elixir.Logger.Supervisor'}
     Context:    child_terminated
     Reason:     normal
     Offender:   [{pid,<0.180.0>},{id,'Elixir.Logger.ErrorHandler'},{mfargs,{'Elixir.Logger.Watcher',start_link,[{error_logger,'Elixir.Logger.ErrorHandler',{true,false,500}}]}},{restart_type,permanent},{shutdown,5000},{child_type,worker}]

2018-01-14 12:40:34 =SUPERVISOR REPORT====
     Supervisor: {local,'Elixir.Zombieclient'}
     Context:    start_error
     Reason:     ok
     Offender:   [{pid,undefined},{id,'Elixir.Zombieclient.Consumer'},{mfargs,{'Elixir.Zombieclient.Consumer',start_link,[#{'__struct__' => 'Elixir.GRPC.Credential',ssl => [{certfile,<<"/Users/zxm170/elixir/grpctls_sample/_build/dev/lib/zombieclient/priv/zombieclient.crt">>},{keyfile,<<"/Users/zxm170/elixir/grpctls_sample/_build/dev/lib/zombieclient/priv/zombieclient.key">>},{cacertfile,<<"/Users/zxm170/elixir/grpctls_sample/_build/dev/lib/zombieclient/priv/Zombie_Spotters_Ltd.cert">>},{secure_renegotiate,true},{reuse_sessions,true},{verify,verify_peer},{fail_if_no_peer_cert,true}]}]}},{restart_type,permanent},{shutdown,5000},{child_type,worker}]

2018-01-14 12:40:34 =CRASH REPORT====
  crasher:
    initial call: application_master:init/4
    pid: <0.229.0>
    registered_name: []
    exception exit: {{{shutdown,{failed_to_start_child,'Elixir.Zombieclient.Consumer',ok}},{'Elixir.Zombieclient.App',start,[normal,[]]}},[{application_master,init,4,[{file,"application_master.erl"},{line,134}]},{proc_lib,init_p_do_apply,3,[{file,"proc_lib.erl"},{line,247}]}]}
    ancestors: [<0.228.0>]
    message_queue_len: 1
    messages: [{'EXIT',<0.230.0>,normal}]
    links: [<0.228.0>,<0.33.0>]
    dictionary: []
    trap_exit: true
    status: running
    heap_size: 376
    stack_size: 27
    reductions: 172
  neighbours:
2018-01-14 12:42:53 =SUPERVISOR REPORT====
     Supervisor: {local,'Elixir.Logger.Supervisor'}
     Context:    child_terminated
     Reason:     normal
     Offender:   [{pid,<0.181.0>},{id,'Elixir.Logger.ErrorHandler'},{mfargs,{'Elixir.Logger.Watcher',start_link,[{error_logger,'Elixir.Logger.ErrorHandler',{true,false,500}}]}},{restart_type,permanent},{shutdown,5000},{child_type,worker}]

2018-01-14 12:42:53 =CRASH REPORT====
  crasher:
    initial call: application_master:init/4
    pid: <0.230.0>
    registered_name: []
    exception exit: {{bad_return,{{'Elixir.Zombieclient.App',start,[normal,[]]},ok}},[{application_master,init,4,[{file,"application_master.erl"},{line,134}]},{proc_lib,init_p_do_apply,3,[{file,"proc_lib.erl"},{line,247}]}]}
    ancestors: [<0.229.0>]
    message_queue_len: 1
    messages: [{'EXIT',<0.231.0>,normal}]
    links: [<0.229.0>,<0.33.0>]
    dictionary: []
    trap_exit: true
    status: running
    heap_size: 376
    stack_size: 27
    reductions: 171
  neighbours:
2018-01-14 12:43:38 =SUPERVISOR REPORT====
     Supervisor: {local,'Elixir.Logger.Supervisor'}
     Context:    child_terminated
     Reason:     normal
     Offender:   [{pid,<0.180.0>},{id,'Elixir.Logger.ErrorHandler'},{mfargs,{'Elixir.Logger.Watcher',start_link,[{error_logger,'Elixir.Logger.ErrorHandler',{true,false,500}}]}},{restart_type,permanent},{shutdown,5000},{child_type,worker}]

2018-01-14 12:43:38 =CRASH REPORT====
  crasher:
    initial call: application_master:init/4
    pid: <0.229.0>
    registered_name: []
    exception exit: {{bad_return,{{'Elixir.Zombieclient.App',start,[normal,[]]},{ok}}},[{application_master,init,4,[{file,"application_master.erl"},{line,134}]},{proc_lib,init_p_do_apply,3,[{file,"proc_lib.erl"},{line,247}]}]}
    ancestors: [<0.228.0>]
    message_queue_len: 1
    messages: [{'EXIT',<0.230.0>,normal}]
    links: [<0.228.0>,<0.33.0>]
    dictionary: []
    trap_exit: true
    status: running
    heap_size: 376
    stack_size: 27
    reductions: 171
  neighbours:
2018-01-14 12:46:25 =SUPERVISOR REPORT====
     Supervisor: {local,'Elixir.Logger.Supervisor'}
     Context:    child_terminated
     Reason:     normal
     Offender:   [{pid,<0.187.0>},{id,'Elixir.Logger.ErrorHandler'},{mfargs,{'Elixir.Logger.Watcher',start_link,[{error_logger,'Elixir.Logger.ErrorHandler',{true,false,500}}]}},{restart_type,permanent},{shutdown,5000},{child_type,worker}]

2018-01-14 12:46:25 =SUPERVISOR REPORT====
     Supervisor: {local,'Elixir.Routeguide'}
     Context:    start_error
     Reason:     {'EXIT',{undef,[{'Elixir.Zombieclient.Consumer',start_link,[#{'__struct__' => 'Elixir.GRPC.Credential',ssl => [{certfile,<<"/Users/zxm170/elixir/grpctls_sample/_build/dev/lib/zombieclient/priv/zombieclient.crt">>},{keyfile,<<"/Users/zxm170/elixir/grpctls_sample/_build/dev/lib/zombieclient/priv/zombieclient.key">>},{cacertfile,<<"/Users/zxm170/elixir/grpctls_sample/_build/dev/lib/zombieclient/priv/Zombie_Spotters_Ltd.cert">>},{secure_renegotiate,true},{reuse_sessions,true},{verify,verify_peer},{fail_if_no_peer_cert,true}]}],[]},{supervisor,do_start_child,2,[{file,"supervisor.erl"},{line,365}]},{supervisor,start_children,3,[{file,"supervisor.erl"},{line,348}]},{supervisor,init_children,2,[{file,"supervisor.erl"},{line,314}]},{gen_server,init_it,2,[{file,"gen_server.erl"},{line,365}]},{gen_server,init_it,6,[{file,"gen_server.erl"},{line,333}]},{proc_lib,init_p_do_apply,3,[{file,"proc_lib.erl"},{line,247}]}]}}
     Offender:   [{pid,undefined},{id,'Elixir.Zombieclient.Consumer'},{mfargs,{'Elixir.Zombieclient.Consumer',start_link,[#{'__struct__' => 'Elixir.GRPC.Credential',ssl => [{certfile,<<"/Users/zxm170/elixir/grpctls_sample/_build/dev/lib/zombieclient/priv/zombieclient.crt">>},{keyfile,<<"/Users/zxm170/elixir/grpctls_sample/_build/dev/lib/zombieclient/priv/zombieclient.key">>},{cacertfile,<<"/Users/zxm170/elixir/grpctls_sample/_build/dev/lib/zombieclient/priv/Zombie_Spotters_Ltd.cert">>},{secure_renegotiate,true},{reuse_sessions,true},{verify,verify_peer},{fail_if_no_peer_cert,true}]}]}},{restart_type,permanent},{shutdown,infinity},{child_type,supervisor}]

2018-01-14 12:46:25 =CRASH REPORT====
  crasher:
    initial call: application_master:init/4
    pid: <0.236.0>
    registered_name: []
    exception exit: {{{shutdown,{failed_to_start_child,'Elixir.Zombieclient.Consumer',{'EXIT',{undef,[{'Elixir.Zombieclient.Consumer',start_link,[#{'__struct__' => 'Elixir.GRPC.Credential',ssl => [{certfile,<<"/Users/zxm170/elixir/grpctls_sample/_build/dev/lib/zombieclient/priv/zombieclient.crt">>},{keyfile,<<"/Users/zxm170/elixir/grpctls_sample/_build/dev/lib/zombieclient/priv/zombieclient.key">>},{cacertfile,<<"/Users/zxm170/elixir/grpctls_sample/_build/dev/lib/zombieclient/priv/Zombie_Spotters_Ltd.cert">>},{secure_renegotiate,true},{reuse_sessions,true},{verify,verify_peer},{fail_if_no_peer_cert,true}]}],[]},{supervisor,do_start_child,2,[{file,"supervisor.erl"},{line,365}]},{supervisor,start_children,3,[{file,"supervisor.erl"},{line,348}]},{supervisor,init_children,2,[{file,"supervisor.erl"},{line,314}]},{gen_server,init_it,2,[{file,"gen_server.erl"},{line,365}]},{gen_server,init_it,6,[{file,"gen_server.erl"},{line,333}]},{proc_lib,init_p_do_apply,3,[{file,"proc_lib.erl"},{line,247}]}]}}}},{'Elixir.Zombieclient.App',start,[normal,[]]}},[{application_master,init,4,[{file,"application_master.erl"},{line,134}]},{proc_lib,init_p_do_apply,3,[{file,"proc_lib.erl"},{line,247}]}]}
    ancestors: [<0.235.0>]
    message_queue_len: 1
    messages: [{'EXIT',<0.237.0>,normal}]
    links: [<0.235.0>,<0.33.0>]
    dictionary: []
    trap_exit: true
    status: running
    heap_size: 987
    stack_size: 27
    reductions: 205
  neighbours:
2018-01-14 12:46:45 =SUPERVISOR REPORT====
     Supervisor: {local,'Elixir.Logger.Supervisor'}
     Context:    child_terminated
     Reason:     normal
     Offender:   [{pid,<0.180.0>},{id,'Elixir.Logger.ErrorHandler'},{mfargs,{'Elixir.Logger.Watcher',start_link,[{error_logger,'Elixir.Logger.ErrorHandler',{true,false,500}}]}},{restart_type,permanent},{shutdown,5000},{child_type,worker}]

2018-01-14 12:55:07 =SUPERVISOR REPORT====
     Supervisor: {local,'Elixir.Logger.Supervisor'}
     Context:    child_terminated
     Reason:     normal
     Offender:   [{pid,<0.180.0>},{id,'Elixir.Logger.ErrorHandler'},{mfargs,{'Elixir.Logger.Watcher',start_link,[{error_logger,'Elixir.Logger.ErrorHandler',{true,false,500}}]}},{restart_type,permanent},{shutdown,5000},{child_type,worker}]

2018-01-14 12:55:07 =CRASH REPORT====
  crasher:
    initial call: h2_connection:init/1
    pid: <0.232.0>
    registered_name: []
    exception exit: {econnrefused,[{gen_fsm,init_it,6,[{file,"gen_fsm.erl"},{line,358}]},{proc_lib,init_p_do_apply,3,[{file,"proc_lib.erl"},{line,247}]}]}
    ancestors: ['Elixir.Routeguide',<0.230.0>]
    message_queue_len: 0
    messages: []
    links: [<0.231.0>]
    dictionary: []
    trap_exit: false
    status: running
    heap_size: 987
    stack_size: 27
    reductions: 7907
  neighbours:
2018-01-14 12:55:07 =SUPERVISOR REPORT====
     Supervisor: {local,'Elixir.Routeguide'}
     Context:    start_error
     Reason:     {'EXIT',{{badmatch,{error,econnrefused}},[{'Elixir.GRPC.Channel',connect,3,[{file,"lib/grpc/channel.ex"},{line,46}]},{'Elixir.Zombieclient.Consumer',start_link,1,[{file,"lib/consumer.ex"},{line,6}]},{supervisor,do_start_child,2,[{file,"supervisor.erl"},{line,365}]},{supervisor,start_children,3,[{file,"supervisor.erl"},{line,348}]},{supervisor,init_children,2,[{file,"supervisor.erl"},{line,314}]},{gen_server,init_it,2,[{file,"gen_server.erl"},{line,365}]},{gen_server,init_it,6,[{file,"gen_server.erl"},{line,333}]},{proc_lib,init_p_do_apply,3,[{file,"proc_lib.erl"},{line,247}]}]}}
     Offender:   [{pid,undefined},{id,'Elixir.Zombieclient.Consumer'},{mfargs,{'Elixir.Zombieclient.Consumer',start_link,[#{'__struct__' => 'Elixir.GRPC.Credential',ssl => [{certfile,<<"/Users/zxm170/elixir/grpctls_sample/_build/dev/lib/zombieclient/priv/zombieclient.crt">>},{keyfile,<<"/Users/zxm170/elixir/grpctls_sample/_build/dev/lib/zombieclient/priv/zombieclient.key">>},{cacertfile,<<"/Users/zxm170/elixir/grpctls_sample/_build/dev/lib/zombieclient/priv/Zombie_Spotters_Ltd.cert">>},{secure_renegotiate,true},{reuse_sessions,true},{verify,verify_peer},{fail_if_no_peer_cert,true}]}]}},{restart_type,permanent},{shutdown,infinity},{child_type,supervisor}]

2018-01-14 12:55:07 =CRASH REPORT====
  crasher:
    initial call: application_master:init/4
    pid: <0.229.0>
    registered_name: []
    exception exit: {{{shutdown,{failed_to_start_child,'Elixir.Zombieclient.Consumer',{'EXIT',{{badmatch,{error,econnrefused}},[{'Elixir.GRPC.Channel',connect,3,[{file,"lib/grpc/channel.ex"},{line,46}]},{'Elixir.Zombieclient.Consumer',start_link,1,[{file,"lib/consumer.ex"},{line,6}]},{supervisor,do_start_child,2,[{file,"supervisor.erl"},{line,365}]},{supervisor,start_children,3,[{file,"supervisor.erl"},{line,348}]},{supervisor,init_children,2,[{file,"supervisor.erl"},{line,314}]},{gen_server,init_it,2,[{file,"gen_server.erl"},{line,365}]},{gen_server,init_it,6,[{file,"gen_server.erl"},{line,333}]},{proc_lib,init_p_do_apply,3,[{file,"proc_lib.erl"},{line,247}]}]}}}},{'Elixir.Zombieclient.App',start,[normal,[]]}},[{application_master,init,4,[{file,"application_master.erl"},{line,134}]},{proc_lib,init_p_do_apply,3,[{file,"proc_lib.erl"},{line,247}]}]}
    ancestors: [<0.228.0>]
    message_queue_len: 1
    messages: [{'EXIT',<0.230.0>,normal}]
    links: [<0.228.0>,<0.33.0>]
    dictionary: []
    trap_exit: true
    status: running
    heap_size: 987
    stack_size: 27
    reductions: 215
  neighbours:
2018-01-14 12:55:55 =SUPERVISOR REPORT====
     Supervisor: {local,'Elixir.Logger.Supervisor'}
     Context:    child_terminated
     Reason:     normal
     Offender:   [{pid,<0.169.0>},{id,'Elixir.Logger.ErrorHandler'},{mfargs,{'Elixir.Logger.Watcher',start_link,[{error_logger,'Elixir.Logger.ErrorHandler',{true,false,500}}]}},{restart_type,permanent},{shutdown,5000},{child_type,worker}]

2018-01-14 12:55:55 =CRASH REPORT====
  crasher:
    initial call: h2_connection:init/1
    pid: <0.221.0>
    registered_name: []
    exception exit: {{options,{cacertfile,"/Users/zxm170/elixir/grpctls_sample/_build/dev/lib/zombieclient/priv/Zombie_Spotters_Ltd.cert",{error,enoent}}},[{gen_fsm,init_it,6,[{file,"gen_fsm.erl"},{line,358}]},{proc_lib,init_p_do_apply,3,[{file,"proc_lib.erl"},{line,247}]}]}
    ancestors: ['Elixir.Routeguide',<0.219.0>]
    message_queue_len: 0
    messages: []
    links: [<0.220.0>]
    dictionary: []
    trap_exit: false
    status: running
    heap_size: 1598
    stack_size: 27
    reductions: 8015
  neighbours:
2018-01-14 12:55:55 =SUPERVISOR REPORT====
     Supervisor: {local,'Elixir.Routeguide'}
     Context:    start_error
     Reason:     {'EXIT',{{badmatch,{error,{options,{cacertfile,"/Users/zxm170/elixir/grpctls_sample/_build/dev/lib/zombieclient/priv/Zombie_Spotters_Ltd.cert",{error,enoent}}}}},[{'Elixir.GRPC.Channel',connect,3,[{file,"lib/grpc/channel.ex"},{line,46}]},{'Elixir.Zombieclient.Consumer',start_link,1,[{file,"lib/consumer.ex"},{line,6}]},{supervisor,do_start_child,2,[{file,"supervisor.erl"},{line,365}]},{supervisor,start_children,3,[{file,"supervisor.erl"},{line,348}]},{supervisor,init_children,2,[{file,"supervisor.erl"},{line,314}]},{gen_server,init_it,2,[{file,"gen_server.erl"},{line,365}]},{gen_server,init_it,6,[{file,"gen_server.erl"},{line,333}]},{proc_lib,init_p_do_apply,3,[{file,"proc_lib.erl"},{line,247}]}]}}
     Offender:   [{pid,undefined},{id,'Elixir.Zombieclient.Consumer'},{mfargs,{'Elixir.Zombieclient.Consumer',start_link,[#{'__struct__' => 'Elixir.GRPC.Credential',ssl => [{certfile,<<"/Users/zxm170/elixir/grpctls_sample/_build/dev/lib/zombieclient/priv/zombieclient.crt">>},{keyfile,<<"/Users/zxm170/elixir/grpctls_sample/_build/dev/lib/zombieclient/priv/zombieclient.key">>},{cacertfile,<<"/Users/zxm170/elixir/grpctls_sample/_build/dev/lib/zombieclient/priv/Zombie_Spotters_Ltd.cert">>},{secure_renegotiate,true},{reuse_sessions,true},{verify,verify_peer},{fail_if_no_peer_cert,true}]}]}},{restart_type,permanent},{shutdown,infinity},{child_type,supervisor}]

2018-01-14 12:55:55 =CRASH REPORT====
  crasher:
    initial call: application_master:init/4
    pid: <0.218.0>
    registered_name: []
    exception exit: {{{shutdown,{failed_to_start_child,'Elixir.Zombieclient.Consumer',{'EXIT',{{badmatch,{error,{options,{cacertfile,"/Users/zxm170/elixir/grpctls_sample/_build/dev/lib/zombieclient/priv/Zombie_Spotters_Ltd.cert",{error,enoent}}}}},[{'Elixir.GRPC.Channel',connect,3,[{file,"lib/grpc/channel.ex"},{line,46}]},{'Elixir.Zombieclient.Consumer',start_link,1,[{file,"lib/consumer.ex"},{line,6}]},{supervisor,do_start_child,2,[{file,"supervisor.erl"},{line,365}]},{supervisor,start_children,3,[{file,"supervisor.erl"},{line,348}]},{supervisor,init_children,2,[{file,"supervisor.erl"},{line,314}]},{gen_server,init_it,2,[{file,"gen_server.erl"},{line,365}]},{gen_server,init_it,6,[{file,"gen_server.erl"},{line,333}]},{proc_lib,init_p_do_apply,3,[{file,"proc_lib.erl"},{line,247}]}]}}}},{'Elixir.Zombieclient.App',start,[normal,[]]}},[{application_master,init,4,[{file,"application_master.erl"},{line,134}]},{proc_lib,init_p_do_apply,3,[{file,"proc_lib.erl"},{line,247}]}]}
    ancestors: [<0.217.0>]
    message_queue_len: 1
    messages: [{'EXIT',<0.219.0>,normal}]
    links: [<0.217.0>,<0.33.0>]
    dictionary: []
    trap_exit: true
    status: running
    heap_size: 987
    stack_size: 27
    reductions: 160
  neighbours:
2018-01-14 12:57:19 =SUPERVISOR REPORT====
     Supervisor: {local,'Elixir.Logger.Supervisor'}
     Context:    child_terminated
     Reason:     normal
     Offender:   [{pid,<0.180.0>},{id,'Elixir.Logger.ErrorHandler'},{mfargs,{'Elixir.Logger.Watcher',start_link,[{error_logger,'Elixir.Logger.ErrorHandler',{true,false,500}}]}},{restart_type,permanent},{shutdown,5000},{child_type,worker}]

2018-01-14 12:59:53 =SUPERVISOR REPORT====
     Supervisor: {local,'Elixir.Logger.Supervisor'}
     Context:    child_terminated
     Reason:     normal
     Offender:   [{pid,<0.180.0>},{id,'Elixir.Logger.ErrorHandler'},{mfargs,{'Elixir.Logger.Watcher',start_link,[{error_logger,'Elixir.Logger.ErrorHandler',{true,false,500}}]}},{restart_type,permanent},{shutdown,5000},{child_type,worker}]

